<?xml version="1.0" encoding="UTF-8"?>
<testsuite xmlns:xsi="http://www.w3.org/2001/XMLSchema-instance" xsi:noNamespaceSchemaLocation="https://maven.apache.org/surefire/maven-surefire-plugin/xsd/surefire-test-report.xsd" name="TestSuite" time="9.533" tests="1" errors="0" skipped="0" failures="0">
  <properties>
    <property name="java.specification.version" value="13"/>
    <property name="sun.jnu.encoding" value="UTF-8"/>
    <property name="java.class.path" value="/Users/shivangimohan/eclipse-workspace/CoCoAutomation/target/test-classes:/Users/shivangimohan/eclipse-workspace/CoCoAutomation/target/classes:/Users/shivangimohan/.m2/repository/io/rest-assured/rest-assured/4.3.0/rest-assured-4.3.0.jar:/Users/shivangimohan/.m2/repository/org/codehaus/groovy/groovy/3.0.2/groovy-3.0.2.jar:/Users/shivangimohan/.m2/repository/org/codehaus/groovy/groovy-xml/3.0.2/groovy-xml-3.0.2.jar:/Users/shivangimohan/.m2/repository/org/apache/httpcomponents/httpclient/4.5.3/httpclient-4.5.3.jar:/Users/shivangimohan/.m2/repository/org/apache/httpcomponents/httpcore/4.4.6/httpcore-4.4.6.jar:/Users/shivangimohan/.m2/repository/commons-logging/commons-logging/1.2/commons-logging-1.2.jar:/Users/shivangimohan/.m2/repository/commons-codec/commons-codec/1.9/commons-codec-1.9.jar:/Users/shivangimohan/.m2/repository/org/apache/httpcomponents/httpmime/4.5.3/httpmime-4.5.3.jar:/Users/shivangimohan/.m2/repository/org/hamcrest/hamcrest/2.1/hamcrest-2.1.jar:/Users/shivangimohan/.m2/repository/org/ccil/cowan/tagsoup/tagsoup/1.2.1/tagsoup-1.2.1.jar:/Users/shivangimohan/.m2/repository/io/rest-assured/json-path/4.3.0/json-path-4.3.0.jar:/Users/shivangimohan/.m2/repository/io/rest-assured/rest-assured-common/4.3.0/rest-assured-common-4.3.0.jar:/Users/shivangimohan/.m2/repository/io/rest-assured/xml-path/4.3.0/xml-path-4.3.0.jar:/Users/shivangimohan/.m2/repository/org/apache/commons/commons-lang3/3.4/commons-lang3-3.4.jar:/Users/shivangimohan/.m2/repository/jakarta/xml/bind/jakarta.xml.bind-api/2.3.2/jakarta.xml.bind-api-2.3.2.jar:/Users/shivangimohan/.m2/repository/jakarta/activation/jakarta.activation-api/1.2.1/jakarta.activation-api-1.2.1.jar:/Users/shivangimohan/.m2/repository/com/sun/xml/bind/jaxb-osgi/2.3.0.1/jaxb-osgi-2.3.0.1.jar:/Users/shivangimohan/.m2/repository/org/apache/sling/org.apache.sling.javax.activation/0.1.0/org.apache.sling.javax.activation-0.1.0.jar:/Users/shivangimohan/.m2/repository/javax/activation/activation/1.1.1/activation-1.1.1.jar:/Users/shivangimohan/.m2/repository/org/testng/testng/6.14.3/testng-6.14.3.jar:/Users/shivangimohan/.m2/repository/com/beust/jcommander/1.72/jcommander-1.72.jar:/Users/shivangimohan/.m2/repository/org/apache-extras/beanshell/bsh/2.0b6/bsh-2.0b6.jar:/Users/shivangimohan/.m2/repository/com/google/code/gson/gson/2.8.5/gson-2.8.5.jar:/Users/shivangimohan/.m2/repository/org/codehaus/groovy/groovy-ant/2.5.6/groovy-ant-2.5.6.jar:/Users/shivangimohan/.m2/repository/org/apache/ant/ant/1.9.13/ant-1.9.13.jar:/Users/shivangimohan/.m2/repository/org/apache/ant/ant-junit/1.9.13/ant-junit-1.9.13.jar:/Users/shivangimohan/.m2/repository/org/apache/ant/ant-launcher/1.9.13/ant-launcher-1.9.13.jar:/Users/shivangimohan/.m2/repository/org/apache/ant/ant-antlr/1.9.13/ant-antlr-1.9.13.jar:/Users/shivangimohan/.m2/repository/org/codehaus/groovy/groovy-cli-commons/2.5.6/groovy-cli-commons-2.5.6.jar:/Users/shivangimohan/.m2/repository/commons-cli/commons-cli/1.4/commons-cli-1.4.jar:/Users/shivangimohan/.m2/repository/org/codehaus/groovy/groovy-cli-picocli/2.5.6/groovy-cli-picocli-2.5.6.jar:/Users/shivangimohan/.m2/repository/info/picocli/picocli/3.9.2/picocli-3.9.2.jar:/Users/shivangimohan/.m2/repository/org/codehaus/groovy/groovy-console/2.5.6/groovy-console-2.5.6.jar:/Users/shivangimohan/.m2/repository/org/codehaus/groovy/groovy-datetime/2.5.6/groovy-datetime-2.5.6.jar:/Users/shivangimohan/.m2/repository/org/codehaus/groovy/groovy-docgenerator/2.5.6/groovy-docgenerator-2.5.6.jar:/Users/shivangimohan/.m2/repository/com/thoughtworks/qdox/qdox/1.12.1/qdox-1.12.1.jar:/Users/shivangimohan/.m2/repository/org/codehaus/groovy/groovy-groovydoc/2.5.6/groovy-groovydoc-2.5.6.jar:/Users/shivangimohan/.m2/repository/org/codehaus/groovy/groovy-groovysh/2.5.6/groovy-groovysh-2.5.6.jar:/Users/shivangimohan/.m2/repository/jline/jline/2.14.6/jline-2.14.6.jar:/Users/shivangimohan/.m2/repository/org/codehaus/groovy/groovy-jmx/2.5.6/groovy-jmx-2.5.6.jar:/Users/shivangimohan/.m2/repository/org/codehaus/groovy/groovy-json/2.5.6/groovy-json-2.5.6.jar:/Users/shivangimohan/.m2/repository/org/codehaus/groovy/groovy-jsr223/2.5.6/groovy-jsr223-2.5.6.jar:/Users/shivangimohan/.m2/repository/org/codehaus/groovy/groovy-macro/2.5.6/groovy-macro-2.5.6.jar:/Users/shivangimohan/.m2/repository/org/codehaus/groovy/groovy-nio/2.5.6/groovy-nio-2.5.6.jar:/Users/shivangimohan/.m2/repository/org/codehaus/groovy/groovy-servlet/2.5.6/groovy-servlet-2.5.6.jar:/Users/shivangimohan/.m2/repository/org/codehaus/groovy/groovy-sql/2.5.6/groovy-sql-2.5.6.jar:/Users/shivangimohan/.m2/repository/org/codehaus/groovy/groovy-swing/2.5.6/groovy-swing-2.5.6.jar:/Users/shivangimohan/.m2/repository/org/codehaus/groovy/groovy-templates/2.5.6/groovy-templates-2.5.6.jar:/Users/shivangimohan/.m2/repository/org/codehaus/groovy/groovy-test/2.5.6/groovy-test-2.5.6.jar:/Users/shivangimohan/.m2/repository/junit/junit/4.12/junit-4.12.jar:/Users/shivangimohan/.m2/repository/org/hamcrest/hamcrest-core/1.3/hamcrest-core-1.3.jar:/Users/shivangimohan/.m2/repository/org/codehaus/groovy/groovy-test-junit5/2.5.6/groovy-test-junit5-2.5.6.jar:/Users/shivangimohan/.m2/repository/org/junit/platform/junit-platform-launcher/1.3.2/junit-platform-launcher-1.3.2.jar:/Users/shivangimohan/.m2/repository/org/apiguardian/apiguardian-api/1.0.0/apiguardian-api-1.0.0.jar:/Users/shivangimohan/.m2/repository/org/junit/platform/junit-platform-engine/1.3.2/junit-platform-engine-1.3.2.jar:/Users/shivangimohan/.m2/repository/org/junit/platform/junit-platform-commons/1.3.2/junit-platform-commons-1.3.2.jar:/Users/shivangimohan/.m2/repository/org/opentest4j/opentest4j/1.1.1/opentest4j-1.1.1.jar:/Users/shivangimohan/.m2/repository/org/junit/jupiter/junit-jupiter-engine/5.3.2/junit-jupiter-engine-5.3.2.jar:/Users/shivangimohan/.m2/repository/org/junit/jupiter/junit-jupiter-api/5.3.2/junit-jupiter-api-5.3.2.jar:/Users/shivangimohan/.m2/repository/org/codehaus/groovy/groovy-testng/2.5.6/groovy-testng-2.5.6.jar:"/>
    <property name="java.vm.vendor" value="Oracle Corporation"/>
    <property name="sun.arch.data.model" value="64"/>
    <property name="java.vendor.url" value="https://openjdk.java.net/"/>
    <property name="os.name" value="Mac OS X"/>
    <property name="java.vm.specification.version" value="13"/>
    <property name="sun.java.launcher" value="SUN_STANDARD"/>
    <property name="user.country" value="IN"/>
    <property name="sun.boot.library.path" value="/usr/local/Cellar/openjdk/13.0.2+8_2/libexec/openjdk.jdk/Contents/Home/lib"/>
    <property name="sun.java.command" value="/Users/shivangimohan/eclipse-workspace/CoCoAutomation/target/surefire/surefirebooter15594710375479639517.jar /Users/shivangimohan/eclipse-workspace/CoCoAutomation/target/surefire 2021-05-09T16-20-29_953-jvmRun1 surefire6677153217963860156tmp surefire_03440848368782863326tmp"/>
    <property name="http.nonProxyHosts" value="local|*.local|169.254/16|*.169.254/16"/>
    <property name="jdk.debug" value="release"/>
    <property name="surefire.test.class.path" value="/Users/shivangimohan/eclipse-workspace/CoCoAutomation/target/test-classes:/Users/shivangimohan/eclipse-workspace/CoCoAutomation/target/classes:/Users/shivangimohan/.m2/repository/io/rest-assured/rest-assured/4.3.0/rest-assured-4.3.0.jar:/Users/shivangimohan/.m2/repository/org/codehaus/groovy/groovy/3.0.2/groovy-3.0.2.jar:/Users/shivangimohan/.m2/repository/org/codehaus/groovy/groovy-xml/3.0.2/groovy-xml-3.0.2.jar:/Users/shivangimohan/.m2/repository/org/apache/httpcomponents/httpclient/4.5.3/httpclient-4.5.3.jar:/Users/shivangimohan/.m2/repository/org/apache/httpcomponents/httpcore/4.4.6/httpcore-4.4.6.jar:/Users/shivangimohan/.m2/repository/commons-logging/commons-logging/1.2/commons-logging-1.2.jar:/Users/shivangimohan/.m2/repository/commons-codec/commons-codec/1.9/commons-codec-1.9.jar:/Users/shivangimohan/.m2/repository/org/apache/httpcomponents/httpmime/4.5.3/httpmime-4.5.3.jar:/Users/shivangimohan/.m2/repository/org/hamcrest/hamcrest/2.1/hamcrest-2.1.jar:/Users/shivangimohan/.m2/repository/org/ccil/cowan/tagsoup/tagsoup/1.2.1/tagsoup-1.2.1.jar:/Users/shivangimohan/.m2/repository/io/rest-assured/json-path/4.3.0/json-path-4.3.0.jar:/Users/shivangimohan/.m2/repository/io/rest-assured/rest-assured-common/4.3.0/rest-assured-common-4.3.0.jar:/Users/shivangimohan/.m2/repository/io/rest-assured/xml-path/4.3.0/xml-path-4.3.0.jar:/Users/shivangimohan/.m2/repository/org/apache/commons/commons-lang3/3.4/commons-lang3-3.4.jar:/Users/shivangimohan/.m2/repository/jakarta/xml/bind/jakarta.xml.bind-api/2.3.2/jakarta.xml.bind-api-2.3.2.jar:/Users/shivangimohan/.m2/repository/jakarta/activation/jakarta.activation-api/1.2.1/jakarta.activation-api-1.2.1.jar:/Users/shivangimohan/.m2/repository/com/sun/xml/bind/jaxb-osgi/2.3.0.1/jaxb-osgi-2.3.0.1.jar:/Users/shivangimohan/.m2/repository/org/apache/sling/org.apache.sling.javax.activation/0.1.0/org.apache.sling.javax.activation-0.1.0.jar:/Users/shivangimohan/.m2/repository/javax/activation/activation/1.1.1/activation-1.1.1.jar:/Users/shivangimohan/.m2/repository/org/testng/testng/6.14.3/testng-6.14.3.jar:/Users/shivangimohan/.m2/repository/com/beust/jcommander/1.72/jcommander-1.72.jar:/Users/shivangimohan/.m2/repository/org/apache-extras/beanshell/bsh/2.0b6/bsh-2.0b6.jar:/Users/shivangimohan/.m2/repository/com/google/code/gson/gson/2.8.5/gson-2.8.5.jar:/Users/shivangimohan/.m2/repository/org/codehaus/groovy/groovy-ant/2.5.6/groovy-ant-2.5.6.jar:/Users/shivangimohan/.m2/repository/org/apache/ant/ant/1.9.13/ant-1.9.13.jar:/Users/shivangimohan/.m2/repository/org/apache/ant/ant-junit/1.9.13/ant-junit-1.9.13.jar:/Users/shivangimohan/.m2/repository/org/apache/ant/ant-launcher/1.9.13/ant-launcher-1.9.13.jar:/Users/shivangimohan/.m2/repository/org/apache/ant/ant-antlr/1.9.13/ant-antlr-1.9.13.jar:/Users/shivangimohan/.m2/repository/org/codehaus/groovy/groovy-cli-commons/2.5.6/groovy-cli-commons-2.5.6.jar:/Users/shivangimohan/.m2/repository/commons-cli/commons-cli/1.4/commons-cli-1.4.jar:/Users/shivangimohan/.m2/repository/org/codehaus/groovy/groovy-cli-picocli/2.5.6/groovy-cli-picocli-2.5.6.jar:/Users/shivangimohan/.m2/repository/info/picocli/picocli/3.9.2/picocli-3.9.2.jar:/Users/shivangimohan/.m2/repository/org/codehaus/groovy/groovy-console/2.5.6/groovy-console-2.5.6.jar:/Users/shivangimohan/.m2/repository/org/codehaus/groovy/groovy-datetime/2.5.6/groovy-datetime-2.5.6.jar:/Users/shivangimohan/.m2/repository/org/codehaus/groovy/groovy-docgenerator/2.5.6/groovy-docgenerator-2.5.6.jar:/Users/shivangimohan/.m2/repository/com/thoughtworks/qdox/qdox/1.12.1/qdox-1.12.1.jar:/Users/shivangimohan/.m2/repository/org/codehaus/groovy/groovy-groovydoc/2.5.6/groovy-groovydoc-2.5.6.jar:/Users/shivangimohan/.m2/repository/org/codehaus/groovy/groovy-groovysh/2.5.6/groovy-groovysh-2.5.6.jar:/Users/shivangimohan/.m2/repository/jline/jline/2.14.6/jline-2.14.6.jar:/Users/shivangimohan/.m2/repository/org/codehaus/groovy/groovy-jmx/2.5.6/groovy-jmx-2.5.6.jar:/Users/shivangimohan/.m2/repository/org/codehaus/groovy/groovy-json/2.5.6/groovy-json-2.5.6.jar:/Users/shivangimohan/.m2/repository/org/codehaus/groovy/groovy-jsr223/2.5.6/groovy-jsr223-2.5.6.jar:/Users/shivangimohan/.m2/repository/org/codehaus/groovy/groovy-macro/2.5.6/groovy-macro-2.5.6.jar:/Users/shivangimohan/.m2/repository/org/codehaus/groovy/groovy-nio/2.5.6/groovy-nio-2.5.6.jar:/Users/shivangimohan/.m2/repository/org/codehaus/groovy/groovy-servlet/2.5.6/groovy-servlet-2.5.6.jar:/Users/shivangimohan/.m2/repository/org/codehaus/groovy/groovy-sql/2.5.6/groovy-sql-2.5.6.jar:/Users/shivangimohan/.m2/repository/org/codehaus/groovy/groovy-swing/2.5.6/groovy-swing-2.5.6.jar:/Users/shivangimohan/.m2/repository/org/codehaus/groovy/groovy-templates/2.5.6/groovy-templates-2.5.6.jar:/Users/shivangimohan/.m2/repository/org/codehaus/groovy/groovy-test/2.5.6/groovy-test-2.5.6.jar:/Users/shivangimohan/.m2/repository/junit/junit/4.12/junit-4.12.jar:/Users/shivangimohan/.m2/repository/org/hamcrest/hamcrest-core/1.3/hamcrest-core-1.3.jar:/Users/shivangimohan/.m2/repository/org/codehaus/groovy/groovy-test-junit5/2.5.6/groovy-test-junit5-2.5.6.jar:/Users/shivangimohan/.m2/repository/org/junit/platform/junit-platform-launcher/1.3.2/junit-platform-launcher-1.3.2.jar:/Users/shivangimohan/.m2/repository/org/apiguardian/apiguardian-api/1.0.0/apiguardian-api-1.0.0.jar:/Users/shivangimohan/.m2/repository/org/junit/platform/junit-platform-engine/1.3.2/junit-platform-engine-1.3.2.jar:/Users/shivangimohan/.m2/repository/org/junit/platform/junit-platform-commons/1.3.2/junit-platform-commons-1.3.2.jar:/Users/shivangimohan/.m2/repository/org/opentest4j/opentest4j/1.1.1/opentest4j-1.1.1.jar:/Users/shivangimohan/.m2/repository/org/junit/jupiter/junit-jupiter-engine/5.3.2/junit-jupiter-engine-5.3.2.jar:/Users/shivangimohan/.m2/repository/org/junit/jupiter/junit-jupiter-api/5.3.2/junit-jupiter-api-5.3.2.jar:/Users/shivangimohan/.m2/repository/org/codehaus/groovy/groovy-testng/2.5.6/groovy-testng-2.5.6.jar:"/>
    <property name="sun.cpu.endian" value="little"/>
    <property name="user.home" value="/Users/shivangimohan"/>
    <property name="user.language" value="en"/>
    <property name="java.specification.vendor" value="Oracle Corporation"/>
    <property name="java.version.date" value="2020-01-14"/>
    <property name="java.home" value="/usr/local/Cellar/openjdk/13.0.2+8_2/libexec/openjdk.jdk/Contents/Home"/>
    <property name="file.separator" value="/"/>
    <property name="basedir" value="/Users/shivangimohan/eclipse-workspace/CoCoAutomation"/>
    <property name="java.vm.compressedOopsMode" value="Zero based"/>
    <property name="line.separator" value="&#10;"/>
    <property name="java.specification.name" value="Java Platform API Specification"/>
    <property name="java.vm.specification.vendor" value="Oracle Corporation"/>
    <property name="surefire.real.class.path" value="/Users/shivangimohan/eclipse-workspace/CoCoAutomation/target/surefire/surefirebooter15594710375479639517.jar"/>
    <property name="sun.management.compiler" value="HotSpot 64-Bit Tiered Compilers"/>
    <property name="ftp.nonProxyHosts" value="local|*.local|169.254/16|*.169.254/16"/>
    <property name="java.runtime.version" value="13.0.2+8"/>
    <property name="user.name" value="shivangimohan"/>
    <property name="path.separator" value=":"/>
    <property name="os.version" value="10.15.7"/>
    <property name="java.runtime.name" value="OpenJDK Runtime Environment"/>
    <property name="file.encoding" value="UTF-8"/>
    <property name="java.vm.name" value="OpenJDK 64-Bit Server VM"/>
    <property name="localRepository" value="/Users/shivangimohan/.m2/repository"/>
    <property name="java.vendor.url.bug" value="https://bugreport.java.com/bugreport/"/>
    <property name="java.io.tmpdir" value="/var/folders/wx/sst3flks47v_chwj9lmxbf2r0000gp/T/"/>
    <property name="java.version" value="13.0.2"/>
    <property name="user.dir" value="/Users/shivangimohan/eclipse-workspace/CoCoAutomation"/>
    <property name="os.arch" value="x86_64"/>
    <property name="java.vm.specification.name" value="Java Virtual Machine Specification"/>
    <property name="java.library.path" value="/Users/shivangimohan/Library/Java/Extensions:/Library/Java/Extensions:/Network/Library/Java/Extensions:/System/Library/Java/Extensions:/usr/lib/java:."/>
    <property name="java.vm.info" value="mixed mode, sharing"/>
    <property name="java.vendor" value="N/A"/>
    <property name="java.vm.version" value="13.0.2+8"/>
    <property name="sun.io.unicode.encoding" value="UnicodeBig"/>
    <property name="socksNonProxyHosts" value="local|*.local|169.254/16|*.169.254/16"/>
    <property name="java.class.version" value="57.0"/>
  </properties>
  <testcase name="createUser" classname="com.coco.test.GoRestApiTest" time="8.193"/>
</testsuite>