<?xml version="1.0" encoding="UTF-8"?>
<!-- Generated by org.testng.reporters.JUnitReportReporter -->
<testsuite hostname="Mudits-MacBook-Pro-2.local" failures="0" tests="1" name="com.coco.test.GoRestApiTest" time="8.192" errors="0" timestamp="09 May 2021 14:20:40 GMT" skipped="0">
  <testcase classname="com.coco.test.GoRestApiTest" name="createUser" time="8.192"/>
</testsuite> <!-- com.coco.test.GoRestApiTest -->
